<?xml version="1.0" encoding="UTF-8"?>
<!-- Generated by org.testng.reporters.JUnitReportReporter -->
<testsuite hostname="Advik" failures="0" tests="4" name="parameterization.ParameterizationWithDataProvider" time="34.211" errors="0" timestamp="2023-12-07T15:16:02 IST" skipped="0">
  <testcase classname="parameterization.ParameterizationWithDataProvider" name="verifySearchValidCourseNameWithCity" time="8.337"/>
  <testcase classname="parameterization.ParameterizationWithDataProvider" name="verifySearchValidCourseNameWithCity" time="9.040"/>
  <testcase classname="parameterization.ParameterizationWithDataProvider" name="verifySearchValidCourseNameWithCity" time="7.131"/>
  <testcase classname="parameterization.ParameterizationWithDataProvider" name="verifySearchValidCourseNameWithCity" time="9.703"/>
</testsuite> <!-- parameterization.ParameterizationWithDataProvider -->
